#
# An unexpected error has been detected by Java Runtime Environment:
#
#  SIGSEGV (0xb) at pc=0x06245fcf, pid=7646, tid=3076172656
#
# Java VM: Java HotSpot(TM) Client VM (10.0-b22 mixed mode, sharing linux-x86)
# Problematic frame:
# V  [libjvm.so+0x245fcf]
#
# If you would like to submit a bug report, please visit:
#   http://java.sun.com/webapps/bugreport/crash.jsp
#

---------------  T H R E A D  ---------------

Current thread (0x08dd9800):  JavaThread "main" [_thread_in_vm, id=7647, stack(0xb755a000,0xb75ab000)]

siginfo:si_signo=SIGSEGV: si_errno=0, si_code=1 (SEGV_MAPERR), si_addr=0x00000009

Registers:
EAX=0x08dda06c, EBX=0x08dda068, ECX=0x00000001, EDX=0x00000009
ESP=0xb75a9f08, EBP=0xb75a9f48, ESI=0x08dd9800, EDI=0xb77575d0
EIP=0x06245fcf, CR2=0x00000009, EFLAGS=0x00210206

Top of Stack: (sp=0xb75a9f08)
0xb75a9f08:   08dda06c 08dda06c 08dd9800 b75a9f54
0xb75a9f18:   b75a9f6c 00000000 b75a9f64 01000000
0xb75a9f28:   00000010 9412d218 08dda06c 08dda068
0xb75a9f38:   08dda064 08dd9800 b75a9f70 08dd98f4
0xb75a9f48:   b75a9fb8 06227630 08dd98f4 08e01298
0xb75a9f58:   b77575d0 b77575cb 00000001 08dd9800
0xb75a9f68:   00000000 00000000 08dd9800 00000000
0xb75a9f78:   b75a9f8c b75a9fc0 08dd9800 947992b8 

Instructions: (pc=0x06245fcf)
0x06245fbf:   45 e8 83 c4 10 85 c0 74 02 8b 08 8d 51 08 50 50
0x06245fcf:   8b 41 08 56 52 ff 50 2c 8b 46 04 83 c4 10 85 c0 

Stack: [0xb755a000,0xb75ab000],  sp=0xb75a9f08,  free space=319k
Native frames: (J=compiled Java code, j=interpreted, Vv=VM code, C=native code)
V  [libjvm.so+0x245fcf]
V  [libjvm.so+0x227630]
C  [libcircle.so+0x4b9]  Java_Main_getCircleArea+0x6d
v  ~BufferBlob::Interpreter
v  ~BufferBlob::Interpreter
v  ~BufferBlob::StubRoutines (1)
V  [libjvm.so+0x21c5cd]
V  [libjvm.so+0x310748]
V  [libjvm.so+0x21c460]
V  [libjvm.so+0x245a86]
V  [libjvm.so+0x237288]
C  [java+0x1b98]  JavaMain+0x2c8
C  [libpthread.so.0+0x5cc9]

Java frames: (J=compiled Java code, j=interpreted, Vv=VM code)
v  ~BufferBlob::Interpreter
v  ~BufferBlob::Interpreter
v  ~BufferBlob::StubRoutines (1)

---------------  P R O C E S S  ---------------

Java Threads: ( => current thread )
  0x08e0dc00 JavaThread "Low Memory Detector" daemon [_thread_blocked, id=7653, stack(0xb4f75000,0xb4fc6000)]
  0x08e0c400 JavaThread "CompilerThread0" daemon [_thread_blocked, id=7652, stack(0xb4fc6000,0xb5047000)]
  0x08e0b000 JavaThread "Signal Dispatcher" daemon [_thread_blocked, id=7651, stack(0xb5047000,0xb5098000)]
  0x08e02c00 JavaThread "Finalizer" daemon [_thread_blocked, id=7650, stack(0xb5298000,0xb52e9000)]
  0x08e01800 JavaThread "Reference Handler" daemon [_thread_blocked, id=7649, stack(0xb52e9000,0xb533a000)]
=>0x08dd9800 JavaThread "main" [_thread_in_vm, id=7647, stack(0xb755a000,0xb75ab000)]

Other Threads:
  0x08e00000 VMThread [stack: 0xb533a000,0xb53bb000] [id=7648]
  0x08e18800 WatcherThread [stack: 0xb4ef4000,0xb4f75000] [id=7654]

VM state:not at safepoint (normal execution)

VM Mutex/Monitor currently owned by a thread: None

Heap
 def new generation   total 960K, used 200K [0x8b920000, 0x8ba20000, 0x8be00000)
  eden space 896K,  22% used [0x8b920000, 0x8b952200, 0x8ba00000)
  from space 64K,   0% used [0x8ba00000, 0x8ba00000, 0x8ba10000)
  to   space 64K,   0% used [0x8ba10000, 0x8ba10000, 0x8ba20000)
 tenured generation   total 4096K, used 0K [0x8be00000, 0x8c200000, 0x8f920000)
   the space 4096K,   0% used [0x8be00000, 0x8be00000, 0x8be00200, 0x8c200000)
 compacting perm gen  total 12288K, used 22K [0x8f920000, 0x90520000, 0x93920000)
   the space 12288K,   0% used [0x8f920000, 0x8f925960, 0x8f925a00, 0x90520000)
    ro space 8192K,  73% used [0x93920000, 0x93f034a0, 0x93f03600, 0x94120000)
    rw space 12288K,  58% used [0x94120000, 0x94818668, 0x94818800, 0x94d20000)

Dynamic libraries:
06000000-0641b000 r-xp 00000000 08:01 272967     /usr/lib/jvm/java-6-sun-1.6.0.06/jre/lib/i386/client/libjvm.so
0641b000-06435000 rwxp 0041a000 08:01 272967     /usr/lib/jvm/java-6-sun-1.6.0.06/jre/lib/i386/client/libjvm.so
06435000-06855000 rwxp 00000000 00:00 0 
08048000-08052000 r-xp 00000000 08:01 272945     /usr/lib/jvm/java-6-sun-1.6.0.06/jre/bin/java
08052000-08053000 rwxp 00009000 08:01 272945     /usr/lib/jvm/java-6-sun-1.6.0.06/jre/bin/java
08dd4000-08ed1000 rwxp 00000000 00:00 0          [heap]
8b920000-8ba20000 rwxp 00000000 00:00 0 
8ba20000-8be00000 rwxp 00000000 00:00 0 
8be00000-8c200000 rwxp 00000000 00:00 0 
8c200000-8f920000 rwxp 00000000 00:00 0 
8f920000-90520000 rwxp 00000000 00:00 0 
90520000-93920000 rwxp 00000000 00:00 0 
93920000-93f04000 r-xs 00001000 08:01 272243     /usr/lib/jvm/java-6-sun-1.6.0.06/jre/lib/i386/client/classes.jsa
93f04000-94120000 rwxp 00000000 00:00 0 
94120000-94819000 rwxp 005e5000 08:01 272243     /usr/lib/jvm/java-6-sun-1.6.0.06/jre/lib/i386/client/classes.jsa
94819000-94d20000 rwxp 00000000 00:00 0 
94d20000-94df9000 rwxp 00cde000 08:01 272243     /usr/lib/jvm/java-6-sun-1.6.0.06/jre/lib/i386/client/classes.jsa
94df9000-95120000 rwxp 00000000 00:00 0 
95120000-95124000 r-xs 00db7000 08:01 272243     /usr/lib/jvm/java-6-sun-1.6.0.06/jre/lib/i386/client/classes.jsa
95124000-95520000 rwxp 00000000 00:00 0 
b4d36000-b4d68000 rwxp 00000000 00:00 0 
b4d68000-b4ef3000 r-xs 02df0000 08:01 1062942    /usr/lib/jvm/java-6-sun-1.6.0.06/jre/lib/rt.jar
b4ef3000-b4ef4000 rwxp 00000000 00:00 0 
b4ef4000-b4ef5000 ---p 00000000 00:00 0 
b4ef5000-b4f75000 rwxp 00000000 00:00 0 
b4f75000-b4f78000 ---p 00000000 00:00 0 
b4f78000-b4fc6000 rwxp 00000000 00:00 0 
b4fc6000-b4fc9000 ---p 00000000 00:00 0 
b4fc9000-b5047000 rwxp 00000000 00:00 0 
b5047000-b504a000 ---p 00000000 00:00 0 
b504a000-b5098000 rwxp 00000000 00:00 0 
b5098000-b5298000 r-xp 00000000 08:01 1050983    /usr/lib/locale/locale-archive
b5298000-b529b000 ---p 00000000 00:00 0 
b529b000-b52e9000 rwxp 00000000 00:00 0 
b52e9000-b52ec000 ---p 00000000 00:00 0 
b52ec000-b533a000 rwxp 00000000 00:00 0 
b533a000-b533b000 ---p 00000000 00:00 0 
b533b000-b53c9000 rwxp 00000000 00:00 0 
b53c9000-b53e3000 rwxp 00000000 00:00 0 
b53e3000-b53e6000 rwxp 00000000 00:00 0 
b53e6000-b5401000 rwxp 00000000 00:00 0 
b5401000-b5402000 rwxp 00000000 00:00 0 
b5402000-b5403000 rwxp 00000000 00:00 0 
b5403000-b5406000 rwxp 00000000 00:00 0 
b5406000-b5421000 rwxp 00000000 00:00 0 
b5421000-b5427000 rwxp 00000000 00:00 0 
b5427000-b5441000 rwxp 00000000 00:00 0 
b5441000-b544e000 rwxp 00000000 00:00 0 
b544e000-b54cc000 rwxp 00000000 00:00 0 
b54cc000-b5544000 rwxp 00000000 00:00 0 
b5544000-b74cc000 rwxp 00000000 00:00 0 
b74cc000-b74db000 r-xp 00000000 08:01 272976     /usr/lib/jvm/java-6-sun-1.6.0.06/jre/lib/i386/libzip.so
b74db000-b74dd000 rwxp 0000e000 08:01 272976     /usr/lib/jvm/java-6-sun-1.6.0.06/jre/lib/i386/libzip.so
b74dd000-b7500000 r-xp 00000000 08:01 272973     /usr/lib/jvm/java-6-sun-1.6.0.06/jre/lib/i386/libjava.so
b7500000-b7502000 rwxp 00023000 08:01 272973     /usr/lib/jvm/java-6-sun-1.6.0.06/jre/lib/i386/libjava.so
b7502000-b750d000 r-xp 00000000 08:01 272972     /usr/lib/jvm/java-6-sun-1.6.0.06/jre/lib/i386/libverify.so
b750d000-b750e000 rwxp 0000b000 08:01 272972     /usr/lib/jvm/java-6-sun-1.6.0.06/jre/lib/i386/libverify.so
b750e000-b7518000 r-xp 00000000 08:01 402512     /lib/libnss_files-2.12.1.so
b7518000-b7519000 r-xp 00009000 08:01 402512     /lib/libnss_files-2.12.1.so
b7519000-b751a000 rwxp 0000a000 08:01 402512     /lib/libnss_files-2.12.1.so
b751a000-b7523000 r-xp 00000000 08:01 406094     /lib/libnss_nis-2.12.1.so
b7523000-b7524000 r-xp 00008000 08:01 406094     /lib/libnss_nis-2.12.1.so
b7524000-b7525000 rwxp 00009000 08:01 406094     /lib/libnss_nis-2.12.1.so
b7525000-b752b000 r-xp 00000000 08:01 411634     /lib/libnss_compat-2.12.1.so
b752b000-b752c000 r-xp 00006000 08:01 411634     /lib/libnss_compat-2.12.1.so
b752c000-b752d000 rwxp 00007000 08:01 411634     /lib/libnss_compat-2.12.1.so
b752d000-b7540000 r-xp 00000000 08:01 406289     /lib/libnsl-2.12.1.so
b7540000-b7541000 r-xp 00012000 08:01 406289     /lib/libnsl-2.12.1.so
b7541000-b7542000 rwxp 00013000 08:01 406289     /lib/libnsl-2.12.1.so
b7542000-b7549000 rwxp 00000000 00:00 0 
b7549000-b7551000 rwxs 00000000 08:01 170845     /tmp/hsperfdata_root/7646
b7551000-b7558000 r-xp 00000000 08:01 405481     /lib/librt-2.12.1.so
b7558000-b7559000 r-xp 00006000 08:01 405481     /lib/librt-2.12.1.so
b7559000-b755a000 rwxp 00007000 08:01 405481     /lib/librt-2.12.1.so
b755a000-b755d000 ---p 00000000 00:00 0 
b755d000-b75ab000 rwxp 00000000 00:00 0 
b75ab000-b75cf000 r-xp 00000000 08:01 411633     /lib/libm-2.12.1.so
b75cf000-b75d0000 r-xp 00023000 08:01 411633     /lib/libm-2.12.1.so
b75d0000-b75d1000 rwxp 00024000 08:01 411633     /lib/libm-2.12.1.so
b75d1000-b75d2000 rwxp 00000000 00:00 0 
b75d2000-b7729000 r-xp 00000000 08:01 411635     /lib/libc-2.12.1.so
b7729000-b772b000 r-xp 00157000 08:01 411635     /lib/libc-2.12.1.so
b772b000-b772c000 rwxp 00159000 08:01 411635     /lib/libc-2.12.1.so
b772c000-b772f000 rwxp 00000000 00:00 0 
b772f000-b7731000 r-xp 00000000 08:01 403016     /lib/libdl-2.12.1.so
b7731000-b7732000 r-xp 00001000 08:01 403016     /lib/libdl-2.12.1.so
b7732000-b7733000 rwxp 00002000 08:01 403016     /lib/libdl-2.12.1.so
b7733000-b773a000 r-xp 00000000 08:01 272975     /usr/lib/jvm/java-6-sun-1.6.0.06/jre/lib/i386/jli/libjli.so
b773a000-b773c000 rwxp 00006000 08:01 272975     /usr/lib/jvm/java-6-sun-1.6.0.06/jre/lib/i386/jli/libjli.so
b773c000-b773d000 rwxp 00000000 00:00 0 
b773d000-b7752000 r-xp 00000000 08:01 411636     /lib/libpthread-2.12.1.so
b7752000-b7753000 ---p 00015000 08:01 411636     /lib/libpthread-2.12.1.so
b7753000-b7754000 r-xp 00015000 08:01 411636     /lib/libpthread-2.12.1.so
b7754000-b7755000 rwxp 00016000 08:01 411636     /lib/libpthread-2.12.1.so
b7755000-b7757000 rwxp 00000000 00:00 0 
b7757000-b7758000 r-xp 00000000 08:01 920921     /root/NDK/20121107/avoid/libcircle.so
b7758000-b7759000 r-xp 00000000 08:01 920921     /root/NDK/20121107/avoid/libcircle.so
b7759000-b775a000 rwxp 00001000 08:01 920921     /root/NDK/20121107/avoid/libcircle.so
b775a000-b775b000 r-xp 002a1000 08:01 1050983    /usr/lib/locale/locale-archive
b775b000-b7761000 r-xp 00000000 08:01 272961     /usr/lib/jvm/java-6-sun-1.6.0.06/jre/lib/i386/native_threads/libhpi.so
b7761000-b7762000 rwxp 00006000 08:01 272961     /usr/lib/jvm/java-6-sun-1.6.0.06/jre/lib/i386/native_threads/libhpi.so
b7762000-b7763000 rwxp 00000000 00:00 0 
b7763000-b7764000 r-xp 00000000 00:00 0 
b7764000-b7766000 rwxp 00000000 00:00 0 
b7766000-b7767000 r-xp 00000000 00:00 0          [vdso]
b7767000-b7783000 r-xp 00000000 08:01 402307     /lib/ld-2.12.1.so
b7783000-b7784000 r-xp 0001b000 08:01 402307     /lib/ld-2.12.1.so
b7784000-b7785000 rwxp 0001c000 08:01 402307     /lib/ld-2.12.1.so
bfd14000-bfd35000 rwxp 00000000 00:00 0          [stack]

VM Arguments:
jvm_args: -Djava.library.path=. 
java_command: Main
Launcher Type: SUN_STANDARD

Environment Variables:
PATH=/usr/local/sbin:/usr/local/bin:/usr/sbin:/usr/bin:/sbin:/bin
LD_LIBRARY_PATH=/usr/lib/jvm/java-6-sun-1.6.0.06/jre/lib/i386/client:/usr/lib/jvm/java-6-sun-1.6.0.06/jre/lib/i386:/usr/lib/jvm/java-6-sun-1.6.0.06/jre/../lib/i386
SHELL=/bin/bash
DISPLAY=:0.0

Signal Handlers:
SIGSEGV: [libjvm.so+0x3be710], sa_mask[0]=0x7ffbfeff, sa_flags=0x10000004
SIGBUS: [libjvm.so+0x3be710], sa_mask[0]=0x7ffbfeff, sa_flags=0x10000004
SIGFPE: [libjvm.so+0x30f810], sa_mask[0]=0x7ffbfeff, sa_flags=0x10000004
SIGPIPE: [libjvm.so+0x30f810], sa_mask[0]=0x7ffbfeff, sa_flags=0x10000004
SIGXFSZ: [libjvm.so+0x30f810], sa_mask[0]=0x7ffbfeff, sa_flags=0x10000004
SIGILL: [libjvm.so+0x30f810], sa_mask[0]=0x7ffbfeff, sa_flags=0x10000004
SIGUSR1: SIG_DFL, sa_mask[0]=0x00000000, sa_flags=0x00000000
SIGUSR2: [libjvm.so+0x311850], sa_mask[0]=0x00000000, sa_flags=0x10000004
SIGHUP: [libjvm.so+0x3115f0], sa_mask[0]=0x7ffbfeff, sa_flags=0x10000004
SIGINT: [libjvm.so+0x3115f0], sa_mask[0]=0x7ffbfeff, sa_flags=0x10000004
SIGTERM: [libjvm.so+0x3115f0], sa_mask[0]=0x7ffbfeff, sa_flags=0x10000004
SIGQUIT: [libjvm.so+0x3115f0], sa_mask[0]=0x7ffbfeff, sa_flags=0x10000004


---------------  S Y S T E M  ---------------

OS:squeeze/sid

uname:Linux 2.6.35-32-generic #67-Ubuntu SMP Mon Mar 5 19:35:26 UTC 2012 i686
libc:glibc 2.12.1 NPTL 2.12.1 
rlimit: STACK 8192k, CORE infinity, NPROC infinity, NOFILE 1024, AS infinity
load average:0.00 0.01 0.05

CPU:total 1 (1 cores per cpu, 1 threads per core) family 6 model 5 stepping 2, cmov, cx8, fxsr, mmx, sse, sse2, sse3, ssse3

Memory: 4k page, physical 1025212k(354208k free), swap 916476k(916476k free)

vm_info: Java HotSpot(TM) Client VM (10.0-b22) for linux-x86 JRE (1.6.0_06-b02), built on Mar 25 2008 00:39:19 by "java_re" with gcc 3.2.1-7a (J2SE release)

time: Tue Nov  6 23:25:57 2012
elapsed time: 0 seconds

